[2019-11-23 20:28:16.239] [exthost] [info] extension host started
[2019-11-23 20:28:16.445] [exthost] [info] ExtensionService#_doActivateExtension vscode.debug-auto-launch {"startup":true,"extensionId":{"value":"vscode.debug-auto-launch","_lower":"vscode.debug-auto-launch"},"activationEvent":"*"}
[2019-11-23 20:28:16.446] [exthost] [info] ExtensionService#loadCommonJSModule file:///snap/code/20/usr/share/code/resources/app/extensions/debug-auto-launch/dist/extension
[2019-11-23 20:28:16.473] [exthost] [info] ExtensionService#_doActivateExtension vscode.emmet {"startup":true,"extensionId":{"value":"vscode.emmet","_lower":"vscode.emmet"},"activationEvent":"*"}
[2019-11-23 20:28:16.473] [exthost] [info] ExtensionService#loadCommonJSModule file:///snap/code/20/usr/share/code/resources/app/extensions/emmet/dist/extension
[2019-11-23 20:28:16.560] [exthost] [info] ExtensionService#_doActivateExtension vscode.git {"startup":true,"extensionId":{"value":"vscode.git","_lower":"vscode.git"},"activationEvent":"*"}
[2019-11-23 20:28:16.560] [exthost] [info] ExtensionService#loadCommonJSModule file:///snap/code/20/usr/share/code/resources/app/extensions/git/dist/main
[2019-11-23 20:28:16.755] [exthost] [info] ExtensionService#_doActivateExtension vscode.merge-conflict {"startup":true,"extensionId":{"value":"vscode.merge-conflict","_lower":"vscode.merge-conflict"},"activationEvent":"*"}
[2019-11-23 20:28:16.755] [exthost] [info] ExtensionService#loadCommonJSModule file:///snap/code/20/usr/share/code/resources/app/extensions/merge-conflict/dist/extension
[2019-11-23 20:28:16.779] [exthost] [info] eager extensions activated
[2019-11-23 20:28:39.750] [exthost] [info] extension host started
[2019-11-23 20:28:39.851] [exthost] [info] ExtensionService#_doActivateExtension vscode.debug-auto-launch {"startup":true,"extensionId":{"value":"vscode.debug-auto-launch","_lower":"vscode.debug-auto-launch"},"activationEvent":"*"}
[2019-11-23 20:28:39.852] [exthost] [info] ExtensionService#loadCommonJSModule file:///snap/code/20/usr/share/code/resources/app/extensions/debug-auto-launch/dist/extension
[2019-11-23 20:28:39.860] [exthost] [info] ExtensionService#_doActivateExtension vscode.emmet {"startup":true,"extensionId":{"value":"vscode.emmet","_lower":"vscode.emmet"},"activationEvent":"*"}
[2019-11-23 20:28:39.860] [exthost] [info] ExtensionService#loadCommonJSModule file:///snap/code/20/usr/share/code/resources/app/extensions/emmet/dist/extension
[2019-11-23 20:28:39.891] [exthost] [info] ExtensionService#_doActivateExtension vscode.git {"startup":true,"extensionId":{"value":"vscode.git","_lower":"vscode.git"},"activationEvent":"*"}
[2019-11-23 20:28:39.891] [exthost] [info] ExtensionService#loadCommonJSModule file:///snap/code/20/usr/share/code/resources/app/extensions/git/dist/main
[2019-11-23 20:28:39.937] [exthost] [info] ExtensionService#_doActivateExtension vscode.merge-conflict {"startup":true,"extensionId":{"value":"vscode.merge-conflict","_lower":"vscode.merge-conflict"},"activationEvent":"*"}
[2019-11-23 20:28:39.938] [exthost] [info] ExtensionService#loadCommonJSModule file:///snap/code/20/usr/share/code/resources/app/extensions/merge-conflict/dist/extension
[2019-11-23 20:28:40.040] [exthost] [info] ExtensionService#_doActivateExtension vscode.npm {"startup":true,"extensionId":{"value":"vscode.npm","_lower":"vscode.npm"},"activationEvent":"workspaceContains:package.json"}
[2019-11-23 20:28:40.041] [exthost] [info] ExtensionService#loadCommonJSModule file:///snap/code/20/usr/share/code/resources/app/extensions/npm/dist/main
[2019-11-23 20:28:40.197] [exthost] [info] eager extensions activated
[2019-11-23 20:40:16.528] [exthost] [info] ExtensionService#_doActivateExtension vscode.typescript-language-features {"startup":false,"extensionId":{"value":"vscode.typescript-language-features","_lower":"vscode.typescript-language-features"},"activationEvent":"onLanguage:javascript"}
[2019-11-23 20:40:16.539] [exthost] [info] ExtensionService#loadCommonJSModule file:///snap/code/20/usr/share/code/resources/app/extensions/typescript-language-features/dist/extension
